{
  "stats": {
    "suites": 1,
    "tests": 2,
    "passes": 2,
    "pending": 0,
    "failures": 0,
    "start": "2026-06-06T20:37:21.984Z",
    "end": "2026-06-06T20:37:21.996Z",
    "duration": 12,
    "testsRegistered": 2,
    "passPercent": 100,
    "pendingPercent": 0,
    "other": 0,
    "hasOther": false,
    "skipped": 0,
    "hasSkipped": false
  },
  "results": [
    {
      "uuid": "4b34cad0-ba7f-4d4a-bec7-924798005958",
      "title": "",
      "fullFile": "C:\\Users\\Wesll\\Desktop\\Arquivo\\Estudos\\pos-graduacao\\03 - Automação de Testes\\Trabalho\\Trabalho de conclusão - Programação para Automação de Testes\\trabalho-de-conclusao\\test\\pagamentos.test.js",
      "file": "\\test\\pagamentos.test.js",
      "beforeHooks": [],
      "afterHooks": [],
      "tests": [],
      "suites": [
        {
          "uuid": "9b65d2f6-6014-4e2c-b505-e43af95bedb5",
          "title": "Suite de Teste - Pagamentos",
          "fullFile": "C:\\Users\\Wesll\\Desktop\\Arquivo\\Estudos\\pos-graduacao\\03 - Automação de Testes\\Trabalho\\Trabalho de conclusão - Programação para Automação de Testes\\trabalho-de-conclusao\\test\\pagamentos.test.js",
          "file": "\\test\\pagamentos.test.js",
          "beforeHooks": [],
          "afterHooks": [],
          "tests": [
            {
              "title": "Validar que a categoria do pagamento é \"cara\"",
              "fullTitle": "Suite de Teste - Pagamentos Validar que a categoria do pagamento é \"cara\"",
              "timedOut": false,
              "duration": 1,
              "state": "passed",
              "speed": "fast",
              "pass": true,
              "fail": false,
              "pending": false,
              "context": null,
              "code": "//Assert\nconst pagamentos = new Pagamentos();\nconst codigoDeBarras = '7 891234 567890';\nconst empresa = 'Enel';\nconst valor = 100.01;\nconst categoriaEsperada = 'cara';\n//Act\npagamentos.realizarPagamento(codigoDeBarras, empresa, valor);\nconst ultimoPagamento = pagamentos.consultarUltimoPagamento();\nconsole.log(ultimoPagamento);\n//Assert\nassert.equal(ultimoPagamento.codigoDeBarras, codigoDeBarras);\nassert.equal(ultimoPagamento.empresa, empresa);\nassert.equal(ultimoPagamento.valor, valor);\nassert.equal(ultimoPagamento.categoria, categoriaEsperada);",
              "err": {},
              "uuid": "2d159cdb-1119-463e-a0cd-a9d2eb2f9355",
              "parentUUID": "9b65d2f6-6014-4e2c-b505-e43af95bedb5",
              "isHook": false,
              "skipped": false
            },
            {
              "title": "Validar que a categoria do pagamento é \"padrão\"",
              "fullTitle": "Suite de Teste - Pagamentos Validar que a categoria do pagamento é \"padrão\"",
              "timedOut": false,
              "duration": 1,
              "state": "passed",
              "speed": "fast",
              "pass": true,
              "fail": false,
              "pending": false,
              "context": null,
              "code": "//Arrast\nconst pagamentos = new Pagamentos();\nconst codigoDeBarras = '0 000000 000007';\nconst empresa = 'Sabesp';\nconst valor = 100.00;\nconst categoriaEsperada = 'padrão';\n//Act\npagamentos.realizarPagamento(codigoDeBarras, empresa, valor);\nconst ultimoPagamento = pagamentos.consultarUltimoPagamento();\nconsole.log(ultimoPagamento);\n//Asssert\nassert.equal(ultimoPagamento.codigoDeBarras, codigoDeBarras);\nassert.equal(ultimoPagamento.empresa, empresa);\nassert.equal(ultimoPagamento.valor, valor);\nassert.equal(ultimoPagamento.categoria, categoriaEsperada);",
              "err": {},
              "uuid": "b3c495fb-c825-4381-b400-d895ce36c576",
              "parentUUID": "9b65d2f6-6014-4e2c-b505-e43af95bedb5",
              "isHook": false,
              "skipped": false
            }
          ],
          "suites": [],
          "passes": [
            "2d159cdb-1119-463e-a0cd-a9d2eb2f9355",
            "b3c495fb-c825-4381-b400-d895ce36c576"
          ],
          "failures": [],
          "pending": [],
          "skipped": [],
          "duration": 2,
          "root": false,
          "rootEmpty": false,
          "_timeout": 2000
        }
      ],
      "passes": [],
      "failures": [],
      "pending": [],
      "skipped": [],
      "duration": 0,
      "root": true,
      "rootEmpty": true,
      "_timeout": 2000
    }
  ],
  "meta": {
    "mocha": {
      "version": "11.7.5"
    },
    "mochawesome": {
      "options": {
        "quiet": false,
        "reportFilename": "mochawesome",
        "saveHtml": true,
        "saveJson": true,
        "consoleReporter": "spec",
        "useInlineDiffs": false,
        "code": true
      },
      "version": "7.1.4"
    },
    "marge": {
      "options": null,
      "version": "6.3.2"
    }
  }
}